<?xml version="1.0" encoding="UTF-8"?>
<!-- Generated by org.testng.reporters.JUnitXMLReporter -->
<testsuite ignored="0" hostname="DESKTOP-QF3AD8D" failures="0" tests="18" name="Default test" time="19.226" errors="0" timestamp="2024-12-13T20:38:59 GMT+07:00">
  <testcase classname="test_login.RegisterTest" name="testEmailExisted" time="1.362"/>
  <testcase classname="test_login.RegisterTest" name="testEmptyEmail" time="0.168"/>
  <testcase classname="test_login.RegisterTest" name="testEmptyFullName" time="0.217"/>
  <testcase classname="test_login.RegisterTest" name="testEmptyPassword" time="0.373"/>
  <testcase classname="test_login.RegisterTest" name="testEmptyPhone" time="0.162"/>
  <testcase classname="test_login.RegisterTest" name="testInvalidEmail" time="0.119"/>
  <testcase classname="test_login.RegisterTest" name="testInvalidPassword" time="1.041"/>
  <testcase classname="test_login.RegisterTest" name="testInvalidPhone" time="0.21"/>
  <testcase classname="test_login.RegisterTest" name="testNoRoleChosen" time="0.122"/>
  <testcase classname="test_login.RegisterTest" name="testOwnerChosen" time="0.21"/>
  <testcase classname="test_login.RegisterTest" name="testPasswordMatchCorrect" time="0.312"/>
  <testcase classname="test_login.RegisterTest" name="testPasswordNotMatch" time="1.085"/>
  <testcase classname="test_login.RegisterTest" name="testRegisterSuccess" time="1.949"/>
  <testcase classname="test_login.RegisterTest" name="testRenterChosen" time="0.189"/>
  <testcase classname="test_login.RegisterTest" name="testValidEmail" time="0.117"/>
  <testcase classname="test_login.RegisterTest" name="testValidFullName" time="0.201"/>
  <testcase classname="test_login.RegisterTest" name="testValidPassword" time="0.447"/>
  <testcase classname="test_login.RegisterTest" name="testValidPhone" time="0.189"/>
</testsuite> <!-- Default test -->
