<?xml version="1.0" encoding="UTF-8"?>
<testng-results ignored="0" total="1" passed="1" failed="0" skipped="0">
  <reporter-output>
  </reporter-output>
  <suite started-at="2024-12-04T16:28:52 GMT+07:00" name="Default suite" finished-at="2024-12-04T16:28:56 GMT+07:00" duration-ms="4286">
    <groups>
    </groups>
    <test started-at="2024-12-04T16:28:52 GMT+07:00" name="Default test" finished-at="2024-12-04T16:28:56 GMT+07:00" duration-ms="4286">
      <class name="test_register.RegisterTest">
        <test-method is-config="true" signature="setUp()[pri:0, instance:test_register.RegisterTest@6b927fb]" started-at="2024-12-04T16:28:51 GMT+07:00" name="setUp" finished-at="2024-12-04T16:28:52 GMT+07:00" duration-ms="1216" status="PASS">
          <reporter-output>
          </reporter-output>
        </test-method> <!-- setUp -->
        <test-method is-config="true" signature="beginTestCase()[pri:0, instance:test_register.RegisterTest@6b927fb]" started-at="2024-12-04T16:28:52 GMT+07:00" name="beginTestCase" finished-at="2024-12-04T16:28:56 GMT+07:00" duration-ms="4026" status="PASS">
          <reporter-output>
          </reporter-output>
        </test-method> <!-- beginTestCase -->
        <test-method signature="verifyPageTitle()[pri:0, instance:test_register.RegisterTest@6b927fb]" started-at="2024-12-04T16:28:56 GMT+07:00" name="verifyPageTitle" finished-at="2024-12-04T16:28:56 GMT+07:00" duration-ms="50" status="PASS">
          <reporter-output>
          </reporter-output>
        </test-method> <!-- verifyPageTitle -->
        <test-method is-config="true" signature="endTestCase()[pri:0, instance:test_register.RegisterTest@6b927fb]" started-at="2024-12-04T16:28:56 GMT+07:00" name="endTestCase" finished-at="2024-12-04T16:28:56 GMT+07:00" duration-ms="185" status="PASS">
          <reporter-output>
          </reporter-output>
        </test-method> <!-- endTestCase -->
        <test-method is-config="true" signature="tearDown()[pri:0, instance:test_register.RegisterTest@6b927fb]" started-at="2024-12-04T16:28:56 GMT+07:00" name="tearDown" finished-at="2024-12-04T16:28:56 GMT+07:00" duration-ms="192" status="PASS">
          <reporter-output>
          </reporter-output>
        </test-method> <!-- tearDown -->
      </class> <!-- test_register.RegisterTest -->
    </test> <!-- Default test -->
  </suite> <!-- Default suite -->
</testng-results>
